<?xml version="1.0" encoding="UTF-8"?>
<testng-results ignored="0" total="2" passed="2" failed="0" skipped="0">
  <reporter-output>
  </reporter-output>
  <suite started-at="2020-08-20T12:35:39 IST" name="Default suite" finished-at="2020-08-20T12:35:46 IST" duration-ms="7344">
    <groups>
    </groups>
    <test started-at="2020-08-20T12:35:39 IST" name="Default test" finished-at="2020-08-20T12:35:46 IST" duration-ms="7344">
      <class name="authorization.OAuth2AceessTokenGeneration">
        <test-method signature="testInvalidDemo()[pri:0, instance:authorization.OAuth2AceessTokenGeneration@53aad5d5]" started-at="2020-08-20T12:35:39 IST" name="testInvalidDemo" finished-at="2020-08-20T12:35:45 IST" duration-ms="5880" status="PASS">
          <reporter-output>
          </reporter-output>
        </test-method> <!-- testInvalidDemo -->
        <test-method signature="testValidDemo()[pri:0, instance:authorization.OAuth2AceessTokenGeneration@53aad5d5]" started-at="2020-08-20T12:35:45 IST" name="testValidDemo" finished-at="2020-08-20T12:35:46 IST" duration-ms="1398" status="PASS">
          <reporter-output>
          </reporter-output>
        </test-method> <!-- testValidDemo -->
      </class> <!-- authorization.OAuth2AceessTokenGeneration -->
    </test> <!-- Default test -->
  </suite> <!-- Default suite -->
</testng-results>
