<?xml version="1.0" encoding="UTF-8"?>
<testng-results ignored="0" total="1" passed="1" failed="0" skipped="0">
  <reporter-output>
  </reporter-output>
  <suite started-at="2020-08-02T16:27:14 IST" name="Default suite" finished-at="2020-08-02T16:27:18 IST" duration-ms="4302">
    <groups>
    </groups>
    <test started-at="2020-08-02T16:27:14 IST" name="Default test" finished-at="2020-08-02T16:27:18 IST" duration-ms="4302">
      <class name="TC007_GET_Request_Authorizatio">
        <test-method signature="authorizationTest()[pri:0, instance:TC007_GET_Request_Authorizatio@5f683daf]" started-at="2020-08-02T16:27:14 IST" name="authorizationTest" finished-at="2020-08-02T16:27:18 IST" duration-ms="4245" status="PASS">
          <reporter-output>
          </reporter-output>
        </test-method> <!-- authorizationTest -->
      </class> <!-- TC007_GET_Request_Authorizatio -->
    </test> <!-- Default test -->
  </suite> <!-- Default suite -->
</testng-results>
